<?xml version="1.0" encoding="UTF-8"?>
<!-- Generated by org.testng.reporters.JUnitXMLReporter -->
<testsuite hostname="Diep-Nguyen" ignored="0" name="Run on FIREFOX" tests="6" failures="0" timestamp="20 Jun 2020 09:40:45 GMT" time="18.228" errors="0">
  <testcase name="TC_01_registerWithEmptyData" time="2.311" classname="com.nopcommerce.register.Register_01"/>
  <testcase name="TC_02_registerWithInvalidEmail" time="1.794" classname="com.nopcommerce.register.Register_01"/>
  <testcase name="TC_03_registerWithExistedEmail" time="1.691" classname="com.nopcommerce.register.Register_01"/>
  <testcase name="TC_04_registerWithPasswordLessThan6Chars" time="0.492" classname="com.nopcommerce.register.Register_01"/>
  <testcase name="TC_05_registerWithConfirmPassworDoNotMatch" time="0.418" classname="com.nopcommerce.register.Register_01"/>
  <testcase name="TC_06_registerWithValidInformations" time="2.823" classname="com.nopcommerce.register.Register_01"/>
</testsuite> <!-- Run on FIREFOX -->
